This file contains any messages produced by compilers while
running configure, to aid debugging if configure makes a mistake.

It was created by Uncomplicated Port Forward configure 1.0, which was
generated by GNU Autoconf 2.69.  Invocation command line was

  $ ./configure --enable-debug

## --------- ##
## Platform. ##
## --------- ##

hostname = Amaterasu
uname -m = x86_64
uname -r = 4.12.12-gentoo
uname -s = Linux
uname -v = #2 SMP Mon Nov 20 11:03:53 AEDT 2017

/usr/bin/uname -p = Intel(R) Core(TM) i7-2600K CPU @ 3.40GHz
/bin/uname -X     = unknown

/bin/arch              = unknown
/usr/bin/arch -k       = unknown
/usr/convex/getsysinfo = unknown
/usr/bin/hostinfo      = unknown
/bin/machine           = unknown
/usr/bin/oslevel       = unknown
/bin/universe          = unknown

PATH: /usr/x86_64-pc-linux-gnu/gcc-bin/6.4.0
PATH: /usr/lib/llvm/5/bin
PATH: /usr/lib/llvm/4/bin
PATH: /usr/local/bin
PATH: /usr/bin
PATH: /bin
PATH: /opt/bin


## ----------- ##
## Core tests. ##
## ----------- ##

configure:2476: checking for a BSD-compatible install
configure:2544: result: /usr/bin/install -c
configure:2555: checking whether build environment is sane
configure:2610: result: yes
configure:2761: checking for a thread-safe mkdir -p
configure:2800: result: /bin/mkdir -p
configure:2807: checking for gawk
configure:2823: found /usr/bin/gawk
configure:2834: result: gawk
configure:2845: checking whether make sets $(MAKE)
configure:2867: result: yes
configure:2896: checking whether make supports nested variables
configure:2913: result: yes
configure:3047: checking whether to enable debugging
configure:3078: result: yes
configure:3142: checking build system type
configure:3156: result: x86_64-pc-linux-gnu
configure:3176: checking host system type
configure:3189: result: x86_64-pc-linux-gnu
configure:3210: checking whether to build with mingw for a Windows host
configure:3218: result: no
configure:3245: checking for style of include used by make
configure:3273: result: GNU
configure:3354: checking for g++
configure:3370: found /usr/x86_64-pc-linux-gnu/gcc-bin/6.4.0/g++
configure:3381: result: g++
configure:3408: checking for C++ compiler version
configure:3417: g++ --version >&5
g++ (Gentoo 6.4.0 p1.1) 6.4.0
Copyright (C) 2017 Free Software Foundation, Inc.
This is free software; see the source for copying conditions.  There is NO
warranty; not even for MERCHANTABILITY or FITNESS FOR A PARTICULAR PURPOSE.

configure:3428: $? = 0
configure:3417: g++ -v >&5
Using built-in specs.
COLLECT_GCC=g++
COLLECT_LTO_WRAPPER=/usr/libexec/gcc/x86_64-pc-linux-gnu/6.4.0/lto-wrapper
Target: x86_64-pc-linux-gnu
Configured with: /var/tmp/portage/sys-devel/gcc-6.4.0/work/gcc-6.4.0/configure --host=x86_64-pc-linux-gnu --build=x86_64-pc-linux-gnu --prefix=/usr --bindir=/usr/x86_64-pc-linux-gnu/gcc-bin/6.4.0 --includedir=/usr/lib/gcc/x86_64-pc-linux-gnu/6.4.0/include --datadir=/usr/share/gcc-data/x86_64-pc-linux-gnu/6.4.0 --mandir=/usr/share/gcc-data/x86_64-pc-linux-gnu/6.4.0/man --infodir=/usr/share/gcc-data/x86_64-pc-linux-gnu/6.4.0/info --with-gxx-include-dir=/usr/lib/gcc/x86_64-pc-linux-gnu/6.4.0/include/g++-v6 --with-python-dir=/share/gcc-data/x86_64-pc-linux-gnu/6.4.0/python --enable-languages=c,c++,fortran --enable-obsolete --enable-secureplt --disable-werror --with-system-zlib --enable-nls --without-included-gettext --enable-checking=release --with-bugurl=https://bugs.gentoo.org/ --with-pkgversion='Gentoo 6.4.0 p1.1' --disable-esp --enable-libstdcxx-time --enable-shared --enable-threads=posix --enable-__cxa_atexit --enable-clocale=gnu --enable-multilib --with-multilib-list=m32,m64 --disable-altivec --disable-fixed-point --enable-targets=all --disable-libgcj --enable-libgomp --disable-libmudflap --disable-libssp --disable-libcilkrts --disable-libmpx --enable-vtable-verify --enable-libvtv --enable-lto --without-isl --enable-libsanitizer --disable-default-pie --enable-default-ssp
Thread model: posix
gcc version 6.4.0 (Gentoo 6.4.0 p1.1) 
configure:3428: $? = 0
configure:3417: g++ -V >&5
g++: error: unrecognized command line option '-V'
g++: fatal error: no input files
compilation terminated.
configure:3428: $? = 1
configure:3417: g++ -qversion >&5
g++: error: unrecognized command line option '-qversion'; did you mean '--version'?
g++: fatal error: no input files
compilation terminated.
configure:3428: $? = 1
configure:3448: checking whether the C++ compiler works
configure:3470: g++  -g -O0   conftest.cpp  >&5
configure:3474: $? = 0
configure:3522: result: yes
configure:3525: checking for C++ compiler default output file name
configure:3527: result: a.out
configure:3533: checking for suffix of executables
configure:3540: g++ -o conftest  -g -O0   conftest.cpp  >&5
configure:3544: $? = 0
configure:3566: result: 
configure:3588: checking whether we are cross compiling
configure:3596: g++ -o conftest  -g -O0   conftest.cpp  >&5
configure:3600: $? = 0
configure:3607: ./conftest
configure:3611: $? = 0
configure:3626: result: no
configure:3631: checking for suffix of object files
configure:3653: g++ -c  -g -O0  conftest.cpp >&5
configure:3657: $? = 0
configure:3678: result: o
configure:3682: checking whether we are using the GNU C++ compiler
configure:3701: g++ -c  -g -O0  conftest.cpp >&5
configure:3701: $? = 0
configure:3710: result: yes
configure:3719: checking whether g++ accepts -g
configure:3739: g++ -c -g  conftest.cpp >&5
configure:3739: $? = 0
configure:3780: result: yes
configure:3805: checking dependency style of g++
configure:3916: result: gcc3
configure:3939: checking whether g++ supports C++11 features by default
configure:4233: g++ -c  -g -O0  conftest.cpp >&5
configure:4233: $? = 0
configure:4240: result: yes
configure:4707: checking for C++ compiler version
configure:4716: g++ --version >&5
g++ (Gentoo 6.4.0 p1.1) 6.4.0
Copyright (C) 2017 Free Software Foundation, Inc.
This is free software; see the source for copying conditions.  There is NO
warranty; not even for MERCHANTABILITY or FITNESS FOR A PARTICULAR PURPOSE.

configure:4727: $? = 0
configure:4716: g++ -v >&5
Using built-in specs.
COLLECT_GCC=g++
COLLECT_LTO_WRAPPER=/usr/libexec/gcc/x86_64-pc-linux-gnu/6.4.0/lto-wrapper
Target: x86_64-pc-linux-gnu
Configured with: /var/tmp/portage/sys-devel/gcc-6.4.0/work/gcc-6.4.0/configure --host=x86_64-pc-linux-gnu --build=x86_64-pc-linux-gnu --prefix=/usr --bindir=/usr/x86_64-pc-linux-gnu/gcc-bin/6.4.0 --includedir=/usr/lib/gcc/x86_64-pc-linux-gnu/6.4.0/include --datadir=/usr/share/gcc-data/x86_64-pc-linux-gnu/6.4.0 --mandir=/usr/share/gcc-data/x86_64-pc-linux-gnu/6.4.0/man --infodir=/usr/share/gcc-data/x86_64-pc-linux-gnu/6.4.0/info --with-gxx-include-dir=/usr/lib/gcc/x86_64-pc-linux-gnu/6.4.0/include/g++-v6 --with-python-dir=/share/gcc-data/x86_64-pc-linux-gnu/6.4.0/python --enable-languages=c,c++,fortran --enable-obsolete --enable-secureplt --disable-werror --with-system-zlib --enable-nls --without-included-gettext --enable-checking=release --with-bugurl=https://bugs.gentoo.org/ --with-pkgversion='Gentoo 6.4.0 p1.1' --disable-esp --enable-libstdcxx-time --enable-shared --enable-threads=posix --enable-__cxa_atexit --enable-clocale=gnu --enable-multilib --with-multilib-list=m32,m64 --disable-altivec --disable-fixed-point --enable-targets=all --disable-libgcj --enable-libgomp --disable-libmudflap --disable-libssp --disable-libcilkrts --disable-libmpx --enable-vtable-verify --enable-libvtv --enable-lto --without-isl --enable-libsanitizer --disable-default-pie --enable-default-ssp
Thread model: posix
gcc version 6.4.0 (Gentoo 6.4.0 p1.1) 
configure:4727: $? = 0
configure:4716: g++ -V >&5
g++: error: unrecognized command line option '-V'
g++: fatal error: no input files
compilation terminated.
configure:4727: $? = 1
configure:4716: g++ -qversion >&5
g++: error: unrecognized command line option '-qversion'; did you mean '--version'?
g++: fatal error: no input files
compilation terminated.
configure:4727: $? = 1
configure:4731: checking whether we are using the GNU C++ compiler
configure:4759: result: yes
configure:4768: checking whether g++ accepts -g
configure:4829: result: yes
configure:4854: checking dependency style of g++
configure:4965: result: gcc3
configure:5028: checking for gcc
configure:5044: found /usr/x86_64-pc-linux-gnu/gcc-bin/6.4.0/gcc
configure:5055: result: gcc
configure:5284: checking for C compiler version
configure:5293: gcc --version >&5
gcc (Gentoo 6.4.0 p1.1) 6.4.0
Copyright (C) 2017 Free Software Foundation, Inc.
This is free software; see the source for copying conditions.  There is NO
warranty; not even for MERCHANTABILITY or FITNESS FOR A PARTICULAR PURPOSE.

configure:5304: $? = 0
configure:5293: gcc -v >&5
Using built-in specs.
COLLECT_GCC=gcc
COLLECT_LTO_WRAPPER=/usr/libexec/gcc/x86_64-pc-linux-gnu/6.4.0/lto-wrapper
Target: x86_64-pc-linux-gnu
Configured with: /var/tmp/portage/sys-devel/gcc-6.4.0/work/gcc-6.4.0/configure --host=x86_64-pc-linux-gnu --build=x86_64-pc-linux-gnu --prefix=/usr --bindir=/usr/x86_64-pc-linux-gnu/gcc-bin/6.4.0 --includedir=/usr/lib/gcc/x86_64-pc-linux-gnu/6.4.0/include --datadir=/usr/share/gcc-data/x86_64-pc-linux-gnu/6.4.0 --mandir=/usr/share/gcc-data/x86_64-pc-linux-gnu/6.4.0/man --infodir=/usr/share/gcc-data/x86_64-pc-linux-gnu/6.4.0/info --with-gxx-include-dir=/usr/lib/gcc/x86_64-pc-linux-gnu/6.4.0/include/g++-v6 --with-python-dir=/share/gcc-data/x86_64-pc-linux-gnu/6.4.0/python --enable-languages=c,c++,fortran --enable-obsolete --enable-secureplt --disable-werror --with-system-zlib --enable-nls --without-included-gettext --enable-checking=release --with-bugurl=https://bugs.gentoo.org/ --with-pkgversion='Gentoo 6.4.0 p1.1' --disable-esp --enable-libstdcxx-time --enable-shared --enable-threads=posix --enable-__cxa_atexit --enable-clocale=gnu --enable-multilib --with-multilib-list=m32,m64 --disable-altivec --disable-fixed-point --enable-targets=all --disable-libgcj --enable-libgomp --disable-libmudflap --disable-libssp --disable-libcilkrts --disable-libmpx --enable-vtable-verify --enable-libvtv --enable-lto --without-isl --enable-libsanitizer --disable-default-pie --enable-default-ssp
Thread model: posix
gcc version 6.4.0 (Gentoo 6.4.0 p1.1) 
configure:5304: $? = 0
configure:5293: gcc -V >&5
gcc: error: unrecognized command line option '-V'
gcc: fatal error: no input files
compilation terminated.
configure:5304: $? = 1
configure:5293: gcc -qversion >&5
gcc: error: unrecognized command line option '-qversion'; did you mean '--version'?
gcc: fatal error: no input files
compilation terminated.
configure:5304: $? = 1
configure:5308: checking whether we are using the GNU C compiler
configure:5327: gcc -c  -g -O0  conftest.c >&5
configure:5327: $? = 0
configure:5336: result: yes
configure:5345: checking whether gcc accepts -g
configure:5365: gcc -c -g  conftest.c >&5
configure:5365: $? = 0
configure:5406: result: yes
configure:5423: checking for gcc option to accept ISO C89
configure:5486: gcc  -c  -g -O0  conftest.c >&5
configure:5486: $? = 0
configure:5499: result: none needed
configure:5524: checking whether gcc understands -c and -o together
configure:5546: gcc -c conftest.c -o conftest2.o
configure:5549: $? = 0
configure:5546: gcc -c conftest.c -o conftest2.o
configure:5549: $? = 0
configure:5561: result: yes
configure:5580: checking dependency style of gcc
configure:5691: result: gcc3
configure:5754: checking how to print strings
configure:5781: result: printf
configure:5802: checking for a sed that does not truncate output
configure:5866: result: /bin/sed
configure:5884: checking for grep that handles long lines and -e
configure:5942: result: /bin/grep
configure:5947: checking for egrep
configure:6009: result: /bin/grep -E
configure:6014: checking for fgrep
configure:6076: result: /bin/grep -F
configure:6111: checking for ld used by gcc
configure:6178: result: /usr/x86_64-pc-linux-gnu/bin/ld
configure:6185: checking if the linker (/usr/x86_64-pc-linux-gnu/bin/ld) is GNU ld
configure:6200: result: yes
configure:6212: checking for BSD- or MS-compatible name lister (nm)
configure:6266: result: /usr/bin/nm -B
configure:6396: checking the name lister (/usr/bin/nm -B) interface
configure:6403: gcc -c  -g -O0  conftest.c >&5
configure:6406: /usr/bin/nm -B "conftest.o"
configure:6409: output
0000000000000000 B some_variable
configure:6416: result: BSD nm
configure:6419: checking whether ln -s works
configure:6423: result: yes
configure:6431: checking the maximum length of command line arguments
configure:6562: result: 1572864
configure:6610: checking how to convert x86_64-pc-linux-gnu file names to x86_64-pc-linux-gnu format
configure:6650: result: func_convert_file_noop
configure:6657: checking how to convert x86_64-pc-linux-gnu file names to toolchain format
configure:6677: result: func_convert_file_noop
configure:6684: checking for /usr/x86_64-pc-linux-gnu/bin/ld option to reload object files
configure:6691: result: -r
configure:6765: checking for objdump
configure:6781: found /usr/bin/objdump
configure:6792: result: objdump
configure:6824: checking how to recognize dependent libraries
configure:7024: result: pass_all
configure:7109: checking for dlltool
configure:7139: result: no
configure:7169: checking how to associate runtime and link libraries
configure:7196: result: printf %s\n
configure:7257: checking for ar
configure:7273: found /usr/bin/ar
configure:7284: result: ar
configure:7321: checking for archiver @FILE support
configure:7338: gcc -c  -g -O0  conftest.c >&5
configure:7338: $? = 0
configure:7341: ar cru libconftest.a @conftest.lst >&5
configure:7344: $? = 0
configure:7349: ar cru libconftest.a @conftest.lst >&5
ar: conftest.o: No such file or directory
configure:7352: $? = 1
configure:7364: result: @
configure:7422: checking for strip
configure:7438: found /usr/bin/strip
configure:7449: result: strip
configure:7521: checking for ranlib
configure:7537: found /usr/bin/ranlib
configure:7548: result: ranlib
configure:7650: checking command to parse /usr/bin/nm -B output from gcc object
configure:7803: gcc -c  -g -O0  conftest.c >&5
configure:7806: $? = 0
configure:7810: /usr/bin/nm -B conftest.o \| sed -n -e 's/^.*[ ]\([ABCDGIRSTW][ABCDGIRSTW]*\)[ ][ ]*\([_A-Za-z][_A-Za-z0-9]*\)$/\1 \2 \2/p' | sed '/ __gnu_lto/d' \> conftest.nm
configure:7813: $? = 0
configure:7879: gcc -o conftest  -g -O0   conftest.c conftstm.o >&5
configure:7882: $? = 0
configure:7920: result: ok
configure:7967: checking for sysroot
configure:7997: result: no
configure:8004: checking for a working dd
configure:8042: result: /bin/dd
configure:8046: checking how to truncate binary pipes
configure:8061: result: /bin/dd bs=4096 count=1
configure:8197: gcc -c  -g -O0  conftest.c >&5
configure:8200: $? = 0
configure:8390: checking for mt
configure:8420: result: no
configure:8440: checking if : is a manifest tool
configure:8446: : '-?'
configure:8454: result: no
configure:9131: checking how to run the C preprocessor
configure:9162: gcc -E  conftest.c
configure:9162: $? = 0
configure:9176: gcc -E  conftest.c
conftest.c:11:28: fatal error: ac_nonexistent.h: No such file or directory
 #include <ac_nonexistent.h>
                            ^
compilation terminated.
configure:9176: $? = 1
configure: failed program was:
| /* confdefs.h */
| #define PACKAGE_NAME "Uncomplicated Port Forward"
| #define PACKAGE_TARNAME "uncomplicated-port-forward"
| #define PACKAGE_VERSION "1.0"
| #define PACKAGE_STRING "Uncomplicated Port Forward 1.0"
| #define PACKAGE_BUGREPORT "nobodys@here.null"
| #define PACKAGE_URL ""
| #define PACKAGE "uncomplicated-port-forward"
| #define VERSION "1.0"
| /* end confdefs.h.  */
| #include <ac_nonexistent.h>
configure:9201: result: gcc -E
configure:9221: gcc -E  conftest.c
configure:9221: $? = 0
configure:9235: gcc -E  conftest.c
conftest.c:11:28: fatal error: ac_nonexistent.h: No such file or directory
 #include <ac_nonexistent.h>
                            ^
compilation terminated.
configure:9235: $? = 1
configure: failed program was:
| /* confdefs.h */
| #define PACKAGE_NAME "Uncomplicated Port Forward"
| #define PACKAGE_TARNAME "uncomplicated-port-forward"
| #define PACKAGE_VERSION "1.0"
| #define PACKAGE_STRING "Uncomplicated Port Forward 1.0"
| #define PACKAGE_BUGREPORT "nobodys@here.null"
| #define PACKAGE_URL ""
| #define PACKAGE "uncomplicated-port-forward"
| #define VERSION "1.0"
| /* end confdefs.h.  */
| #include <ac_nonexistent.h>
configure:9264: checking for ANSI C header files
configure:9284: gcc -c  -g -O0  conftest.c >&5
configure:9284: $? = 0
configure:9357: gcc -o conftest  -g -O0   conftest.c  >&5
configure:9357: $? = 0
configure:9357: ./conftest
configure:9357: $? = 0
configure:9368: result: yes
configure:9381: checking for sys/types.h
configure:9381: gcc -c  -g -O0  conftest.c >&5
configure:9381: $? = 0
configure:9381: result: yes
configure:9381: checking for sys/stat.h
configure:9381: gcc -c  -g -O0  conftest.c >&5
configure:9381: $? = 0
configure:9381: result: yes
configure:9381: checking for stdlib.h
configure:9381: gcc -c  -g -O0  conftest.c >&5
configure:9381: $? = 0
configure:9381: result: yes
configure:9381: checking for string.h
configure:9381: gcc -c  -g -O0  conftest.c >&5
configure:9381: $? = 0
configure:9381: result: yes
configure:9381: checking for memory.h
configure:9381: gcc -c  -g -O0  conftest.c >&5
configure:9381: $? = 0
configure:9381: result: yes
configure:9381: checking for strings.h
configure:9381: gcc -c  -g -O0  conftest.c >&5
configure:9381: $? = 0
configure:9381: result: yes
configure:9381: checking for inttypes.h
configure:9381: gcc -c  -g -O0  conftest.c >&5
configure:9381: $? = 0
configure:9381: result: yes
configure:9381: checking for stdint.h
configure:9381: gcc -c  -g -O0  conftest.c >&5
configure:9381: $? = 0
configure:9381: result: yes
configure:9381: checking for unistd.h
configure:9381: gcc -c  -g -O0  conftest.c >&5
configure:9381: $? = 0
configure:9381: result: yes
configure:9395: checking for dlfcn.h
configure:9395: gcc -c  -g -O0  conftest.c >&5
configure:9395: $? = 0
configure:9395: result: yes
configure:9661: checking for objdir
configure:9676: result: .libs
configure:9940: checking if gcc supports -fno-rtti -fno-exceptions
configure:9958: gcc -c  -g -O0  -fno-rtti -fno-exceptions conftest.c >&5
cc1: warning: command line option '-fno-rtti' is valid for C++/ObjC++ but not for C
configure:9962: $? = 0
configure:9975: result: no
configure:10333: checking for gcc option to produce PIC
configure:10340: result: -fPIC -DPIC
configure:10348: checking if gcc PIC flag -fPIC -DPIC works
configure:10366: gcc -c  -g -O0  -fPIC -DPIC -DPIC conftest.c >&5
configure:10370: $? = 0
configure:10383: result: yes
configure:10412: checking if gcc static flag -static works
configure:10440: result: yes
configure:10455: checking if gcc supports -c -o file.o
configure:10476: gcc -c  -g -O0  -o out/conftest2.o conftest.c >&5
configure:10480: $? = 0
configure:10502: result: yes
configure:10510: checking if gcc supports -c -o file.o
configure:10557: result: yes
configure:10590: checking whether the gcc linker (/usr/x86_64-pc-linux-gnu/bin/ld -m elf_x86_64) supports shared libraries
configure:11849: result: yes
configure:11886: checking whether -lc should be explicitly linked in
configure:11894: gcc -c  -g -O0  conftest.c >&5
configure:11897: $? = 0
configure:11912: gcc -shared  -fPIC -DPIC conftest.o  -v -Wl,-soname -Wl,conftest -o conftest 2\>\&1 \| /bin/grep  -lc  \>/dev/null 2\>\&1
configure:11915: $? = 0
configure:11929: result: no
configure:12089: checking dynamic linker characteristics
configure:12683: gcc -o conftest  -g -O0   -Wl,-rpath -Wl,/foo conftest.c  >&5
configure:12683: $? = 0
configure:12920: result: GNU/Linux ld.so
configure:13042: checking how to hardcode library paths into programs
configure:13067: result: immediate
configure:13615: checking whether stripping libraries is possible
configure:13620: result: yes
configure:13655: checking if libtool supports shared libraries
configure:13657: result: yes
configure:13660: checking whether to build shared libraries
configure:13685: result: yes
configure:13688: checking whether to build static libraries
configure:13692: result: yes
configure:13715: checking how to run the C++ preprocessor
configure:13742: g++ -E  conftest.cpp
configure:13742: $? = 0
configure:13756: g++ -E  conftest.cpp
conftest.cpp:23:28: fatal error: ac_nonexistent.h: No such file or directory
 #include <ac_nonexistent.h>
                            ^
compilation terminated.
configure:13756: $? = 1
configure: failed program was:
| /* confdefs.h */
| #define PACKAGE_NAME "Uncomplicated Port Forward"
| #define PACKAGE_TARNAME "uncomplicated-port-forward"
| #define PACKAGE_VERSION "1.0"
| #define PACKAGE_STRING "Uncomplicated Port Forward 1.0"
| #define PACKAGE_BUGREPORT "nobodys@here.null"
| #define PACKAGE_URL ""
| #define PACKAGE "uncomplicated-port-forward"
| #define VERSION "1.0"
| #define STDC_HEADERS 1
| #define HAVE_SYS_TYPES_H 1
| #define HAVE_SYS_STAT_H 1
| #define HAVE_STDLIB_H 1
| #define HAVE_STRING_H 1
| #define HAVE_MEMORY_H 1
| #define HAVE_STRINGS_H 1
| #define HAVE_INTTYPES_H 1
| #define HAVE_STDINT_H 1
| #define HAVE_UNISTD_H 1
| #define HAVE_DLFCN_H 1
| #define LT_OBJDIR ".libs/"
| /* end confdefs.h.  */
| #include <ac_nonexistent.h>
configure:13781: result: g++ -E
configure:13801: g++ -E  conftest.cpp
configure:13801: $? = 0
configure:13815: g++ -E  conftest.cpp
conftest.cpp:23:28: fatal error: ac_nonexistent.h: No such file or directory
 #include <ac_nonexistent.h>
                            ^
compilation terminated.
configure:13815: $? = 1
configure: failed program was:
| /* confdefs.h */
| #define PACKAGE_NAME "Uncomplicated Port Forward"
| #define PACKAGE_TARNAME "uncomplicated-port-forward"
| #define PACKAGE_VERSION "1.0"
| #define PACKAGE_STRING "Uncomplicated Port Forward 1.0"
| #define PACKAGE_BUGREPORT "nobodys@here.null"
| #define PACKAGE_URL ""
| #define PACKAGE "uncomplicated-port-forward"
| #define VERSION "1.0"
| #define STDC_HEADERS 1
| #define HAVE_SYS_TYPES_H 1
| #define HAVE_SYS_STAT_H 1
| #define HAVE_STDLIB_H 1
| #define HAVE_STRING_H 1
| #define HAVE_MEMORY_H 1
| #define HAVE_STRINGS_H 1
| #define HAVE_INTTYPES_H 1
| #define HAVE_STDINT_H 1
| #define HAVE_UNISTD_H 1
| #define HAVE_DLFCN_H 1
| #define LT_OBJDIR ".libs/"
| /* end confdefs.h.  */
| #include <ac_nonexistent.h>
configure:13977: checking for ld used by g++
configure:14044: result: /usr/x86_64-pc-linux-gnu/bin/ld -m elf_x86_64
configure:14051: checking if the linker (/usr/x86_64-pc-linux-gnu/bin/ld -m elf_x86_64) is GNU ld
configure:14066: result: yes
configure:14121: checking whether the g++ linker (/usr/x86_64-pc-linux-gnu/bin/ld -m elf_x86_64) supports shared libraries
configure:15194: result: yes
configure:15230: g++ -c  -g -O0  conftest.cpp >&5
configure:15233: $? = 0
configure:15714: checking for g++ option to produce PIC
configure:15721: result: -fPIC -DPIC
configure:15729: checking if g++ PIC flag -fPIC -DPIC works
configure:15747: g++ -c  -g -O0  -fPIC -DPIC -DPIC conftest.cpp >&5
configure:15751: $? = 0
configure:15764: result: yes
configure:15787: checking if g++ static flag -static works
configure:15815: result: yes
configure:15827: checking if g++ supports -c -o file.o
configure:15848: g++ -c  -g -O0  -o out/conftest2.o conftest.cpp >&5
configure:15852: $? = 0
configure:15874: result: yes
configure:15879: checking if g++ supports -c -o file.o
configure:15926: result: yes
configure:15956: checking whether the g++ linker (/usr/x86_64-pc-linux-gnu/bin/ld -m elf_x86_64) supports shared libraries
configure:15996: result: yes
configure:16137: checking dynamic linker characteristics
configure:16895: result: GNU/Linux ld.so
configure:16960: checking how to hardcode library paths into programs
configure:16985: result: immediate
configure:17051: checking arpa/inet.h usability
configure:17051: gcc -c  -g -O0  conftest.c >&5
configure:17051: $? = 0
configure:17051: result: yes
configure:17051: checking arpa/inet.h presence
configure:17051: gcc -E  conftest.c
configure:17051: $? = 0
configure:17051: result: yes
configure:17051: checking for arpa/inet.h
configure:17051: result: yes
configure:17051: checking netinet/in.h usability
configure:17051: gcc -c  -g -O0  conftest.c >&5
configure:17051: $? = 0
configure:17051: result: yes
configure:17051: checking netinet/in.h presence
configure:17051: gcc -E  conftest.c
configure:17051: $? = 0
configure:17051: result: yes
configure:17051: checking for netinet/in.h
configure:17051: result: yes
configure:17063: checking for stdbool.h that conforms to C99
configure:17130: gcc -c  -g -O0  conftest.c >&5
configure:17130: $? = 0
configure:17137: result: yes
configure:17139: checking for _Bool
configure:17139: gcc -c  -g -O0  conftest.c >&5
configure:17139: $? = 0
configure:17139: gcc -c  -g -O0  conftest.c >&5
conftest.c: In function 'main':
conftest.c:61:20: error: expected expression before ')' token
 if (sizeof ((_Bool)))
                    ^
configure:17139: $? = 1
configure: failed program was:
| /* confdefs.h */
| #define PACKAGE_NAME "Uncomplicated Port Forward"
| #define PACKAGE_TARNAME "uncomplicated-port-forward"
| #define PACKAGE_VERSION "1.0"
| #define PACKAGE_STRING "Uncomplicated Port Forward 1.0"
| #define PACKAGE_BUGREPORT "nobodys@here.null"
| #define PACKAGE_URL ""
| #define PACKAGE "uncomplicated-port-forward"
| #define VERSION "1.0"
| #define STDC_HEADERS 1
| #define HAVE_SYS_TYPES_H 1
| #define HAVE_SYS_STAT_H 1
| #define HAVE_STDLIB_H 1
| #define HAVE_STRING_H 1
| #define HAVE_MEMORY_H 1
| #define HAVE_STRINGS_H 1
| #define HAVE_INTTYPES_H 1
| #define HAVE_STDINT_H 1
| #define HAVE_UNISTD_H 1
| #define HAVE_DLFCN_H 1
| #define LT_OBJDIR ".libs/"
| #define HAVE_ARPA_INET_H 1
| #define HAVE_NETINET_IN_H 1
| /* end confdefs.h.  */
| #include <stdio.h>
| #ifdef HAVE_SYS_TYPES_H
| # include <sys/types.h>
| #endif
| #ifdef HAVE_SYS_STAT_H
| # include <sys/stat.h>
| #endif
| #ifdef STDC_HEADERS
| # include <stdlib.h>
| # include <stddef.h>
| #else
| # ifdef HAVE_STDLIB_H
| #  include <stdlib.h>
| # endif
| #endif
| #ifdef HAVE_STRING_H
| # if !defined STDC_HEADERS && defined HAVE_MEMORY_H
| #  include <memory.h>
| # endif
| # include <string.h>
| #endif
| #ifdef HAVE_STRINGS_H
| # include <strings.h>
| #endif
| #ifdef HAVE_INTTYPES_H
| # include <inttypes.h>
| #endif
| #ifdef HAVE_STDINT_H
| # include <stdint.h>
| #endif
| #ifdef HAVE_UNISTD_H
| # include <unistd.h>
| #endif
| int
| main ()
| {
| if (sizeof ((_Bool)))
| 	    return 0;
|   ;
|   return 0;
| }
configure:17139: result: yes
configure:17221: checking for wx-config
configure:17240: found /usr/bin/wx-config
configure:17253: result: /usr/bin/wx-config
configure:17268: checking for wxWidgets version >= 3.0.0
configure:17314: result: yes (version 3.0.2)
configure:17318: checking for wxWidgets static library
configure:17322: result: no
configure:17581: checking that generated files are newer than configure
configure:17587: result: done
configure:17622: creating ./config.status

## ---------------------- ##
## Running config.status. ##
## ---------------------- ##

This file was extended by Uncomplicated Port Forward config.status 1.0, which was
generated by GNU Autoconf 2.69.  Invocation command line was

  CONFIG_FILES    = 
  CONFIG_HEADERS  = 
  CONFIG_LINKS    = 
  CONFIG_COMMANDS = 
  $ ./config.status 

on Amaterasu

config.status:1166: creating Makefile
config.status:1166: creating config.h
config.status:1395: executing depfiles commands
config.status:1395: executing libtool commands

## ---------------- ##
## Cache variables. ##
## ---------------- ##

ac_cv_build=x86_64-pc-linux-gnu
ac_cv_c_compiler_gnu=yes
ac_cv_cxx_compiler_gnu=yes
ac_cv_env_CCC_set=
ac_cv_env_CCC_value=
ac_cv_env_CC_set=
ac_cv_env_CC_value=
ac_cv_env_CFLAGS_set=
ac_cv_env_CFLAGS_value=
ac_cv_env_CPPFLAGS_set=
ac_cv_env_CPPFLAGS_value=
ac_cv_env_CPP_set=
ac_cv_env_CPP_value=
ac_cv_env_CXXCPP_set=
ac_cv_env_CXXCPP_value=
ac_cv_env_CXXFLAGS_set=
ac_cv_env_CXXFLAGS_value=
ac_cv_env_CXX_set=
ac_cv_env_CXX_value=
ac_cv_env_LDFLAGS_set=
ac_cv_env_LDFLAGS_value=
ac_cv_env_LIBS_set=
ac_cv_env_LIBS_value=
ac_cv_env_LT_SYS_LIBRARY_PATH_set=
ac_cv_env_LT_SYS_LIBRARY_PATH_value=
ac_cv_env_build_alias_set=
ac_cv_env_build_alias_value=
ac_cv_env_host_alias_set=
ac_cv_env_host_alias_value=
ac_cv_env_target_alias_set=
ac_cv_env_target_alias_value=
ac_cv_header_arpa_inet_h=yes
ac_cv_header_dlfcn_h=yes
ac_cv_header_inttypes_h=yes
ac_cv_header_memory_h=yes
ac_cv_header_netinet_in_h=yes
ac_cv_header_stdbool_h=yes
ac_cv_header_stdc=yes
ac_cv_header_stdint_h=yes
ac_cv_header_stdlib_h=yes
ac_cv_header_string_h=yes
ac_cv_header_strings_h=yes
ac_cv_header_sys_stat_h=yes
ac_cv_header_sys_types_h=yes
ac_cv_header_unistd_h=yes
ac_cv_host=x86_64-pc-linux-gnu
ac_cv_objext=o
ac_cv_path_EGREP='/bin/grep -E'
ac_cv_path_FGREP='/bin/grep -F'
ac_cv_path_GREP=/bin/grep
ac_cv_path_SED=/bin/sed
ac_cv_path_WX_CONFIG_PATH=/usr/bin/wx-config
ac_cv_path_install='/usr/bin/install -c'
ac_cv_path_lt_DD=/bin/dd
ac_cv_path_mkdir=/bin/mkdir
ac_cv_prog_AWK=gawk
ac_cv_prog_CPP='gcc -E'
ac_cv_prog_CXXCPP='g++ -E'
ac_cv_prog_ac_ct_AR=ar
ac_cv_prog_ac_ct_CC=gcc
ac_cv_prog_ac_ct_CXX=g++
ac_cv_prog_ac_ct_OBJDUMP=objdump
ac_cv_prog_ac_ct_RANLIB=ranlib
ac_cv_prog_ac_ct_STRIP=strip
ac_cv_prog_cc_c89=
ac_cv_prog_cc_g=yes
ac_cv_prog_cxx_g=yes
ac_cv_prog_make_make_set=yes
ac_cv_type__Bool=yes
am_cv_CC_dependencies_compiler_type=gcc3
am_cv_CXX_dependencies_compiler_type=gcc3
am_cv_make_support_nested_variables=yes
am_cv_prog_cc_c_o=yes
ax_cv_cxx_compile_cxx11=yes
lt_cv_ar_at_file=@
lt_cv_archive_cmds_need_lc=no
lt_cv_deplibs_check_method=pass_all
lt_cv_file_magic_cmd='$MAGIC_CMD'
lt_cv_file_magic_test_file=
lt_cv_ld_reload_flag=-r
lt_cv_nm_interface='BSD nm'
lt_cv_objdir=.libs
lt_cv_path_LD=/usr/x86_64-pc-linux-gnu/bin/ld
lt_cv_path_LDCXX='/usr/x86_64-pc-linux-gnu/bin/ld -m elf_x86_64'
lt_cv_path_NM='/usr/bin/nm -B'
lt_cv_path_mainfest_tool=no
lt_cv_prog_compiler_c_o=yes
lt_cv_prog_compiler_c_o_CXX=yes
lt_cv_prog_compiler_pic='-fPIC -DPIC'
lt_cv_prog_compiler_pic_CXX='-fPIC -DPIC'
lt_cv_prog_compiler_pic_works=yes
lt_cv_prog_compiler_pic_works_CXX=yes
lt_cv_prog_compiler_rtti_exceptions=no
lt_cv_prog_compiler_static_works=yes
lt_cv_prog_compiler_static_works_CXX=yes
lt_cv_prog_gnu_ld=yes
lt_cv_prog_gnu_ldcxx=yes
lt_cv_sharedlib_from_linklib_cmd='printf %s\n'
lt_cv_shlibpath_overrides_runpath=yes
lt_cv_sys_global_symbol_pipe='sed -n -e '\''s/^.*[	 ]\([ABCDGIRSTW][ABCDGIRSTW]*\)[	 ][	 ]*\([_A-Za-z][_A-Za-z0-9]*\)$/\1 \2 \2/p'\'' | sed '\''/ __gnu_lto/d'\'''
lt_cv_sys_global_symbol_to_c_name_address='sed -n -e '\''s/^: \(.*\) .*$/  {"\1", (void *) 0},/p'\'' -e '\''s/^[ABCDGIRSTW][ABCDGIRSTW]* .* \(.*\)$/  {"\1", (void *) \&\1},/p'\'''
lt_cv_sys_global_symbol_to_c_name_address_lib_prefix='sed -n -e '\''s/^: \(.*\) .*$/  {"\1", (void *) 0},/p'\'' -e '\''s/^[ABCDGIRSTW][ABCDGIRSTW]* .* \(lib.*\)$/  {"\1", (void *) \&\1},/p'\'' -e '\''s/^[ABCDGIRSTW][ABCDGIRSTW]* .* \(.*\)$/  {"lib\1", (void *) \&\1},/p'\'''
lt_cv_sys_global_symbol_to_cdecl='sed -n -e '\''s/^T .* \(.*\)$/extern int \1();/p'\'' -e '\''s/^[ABCDGIRSTW][ABCDGIRSTW]* .* \(.*\)$/extern char \1;/p'\'''
lt_cv_sys_global_symbol_to_import=
lt_cv_sys_max_cmd_len=1572864
lt_cv_to_host_file_cmd=func_convert_file_noop
lt_cv_to_tool_file_cmd=func_convert_file_noop
lt_cv_truncate_bin='/bin/dd bs=4096 count=1'

## ----------------- ##
## Output variables. ##
## ----------------- ##

ACLOCAL='${SHELL} /media/Data/Git/browsertest/missing aclocal-1.15'
AMDEPBACKSLASH='\'
AMDEP_FALSE='#'
AMDEP_TRUE=''
AMTAR='$${TAR-tar}'
AM_BACKSLASH='\'
AM_DEFAULT_V='$(AM_DEFAULT_VERBOSITY)'
AM_DEFAULT_VERBOSITY='1'
AM_V='$(V)'
AR='ar'
AUTOCONF='${SHELL} /media/Data/Git/browsertest/missing autoconf'
AUTOHEADER='${SHELL} /media/Data/Git/browsertest/missing autoheader'
AUTOMAKE='${SHELL} /media/Data/Git/browsertest/missing automake-1.15'
AWK='gawk'
CC='gcc'
CCDEPMODE='depmode=gcc3'
CFLAGS=' -g -O0 -pthread'
CPP='gcc -E'
CPPFLAGS=' -I/usr/lib64/wx/include/gtk2-unicode-3.0 -I/usr/include/wx-3.0 -D_FILE_OFFSET_BITS=64 -DWXUSINGDLL -D__WXGTK__'
CXX='g++'
CXXCPP='g++ -E'
CXXDEPMODE='depmode=gcc3'
CXXFLAGS=' -g -O0 '
CYGPATH_W='echo'
DEFS='-DHAVE_CONFIG_H'
DEPDIR='.deps'
DLLTOOL='false'
DSYMUTIL=''
DUMPBIN=''
ECHO_C=''
ECHO_N='-n'
ECHO_T=''
EGREP='/bin/grep -E'
EXEEXT=''
FGREP='/bin/grep -F'
GREP='/bin/grep'
HAVE_CXX11=''
INSTALL_DATA='${INSTALL} -m 644'
INSTALL_PROGRAM='${INSTALL}'
INSTALL_SCRIPT='${INSTALL}'
INSTALL_STRIP_PROGRAM='$(install_sh) -c -s'
LD='/usr/x86_64-pc-linux-gnu/bin/ld -m elf_x86_64'
LDFLAGS=''
LIBOBJS=''
LIBS=' -L/usr/lib64 -pthread   -lwx_gtk2u_core-3.0 -lwx_baseu-3.0 -lwx_gtk2u_stc-3.0 -lwx_gtk2u_webview-3.0  '
LIBTOOL='$(SHELL) $(top_builddir)/libtool'
LIPO=''
LN_S='ln -s'
LTLIBOBJS=''
LT_SYS_LIBRARY_PATH=''
MAKEINFO='${SHELL} /media/Data/Git/browsertest/missing makeinfo'
MANIFEST_TOOL=':'
MKDIR_P='/bin/mkdir -p'
NM='/usr/bin/nm -B'
NMEDIT=''
OBJDUMP='objdump'
OBJEXT='o'
OTOOL64=''
OTOOL=''
PACKAGE='uncomplicated-port-forward'
PACKAGE_BUGREPORT='nobodys@here.null'
PACKAGE_NAME='Uncomplicated Port Forward'
PACKAGE_STRING='Uncomplicated Port Forward 1.0'
PACKAGE_TARNAME='uncomplicated-port-forward'
PACKAGE_URL=''
PACKAGE_VERSION='1.0'
PATH_SEPARATOR=':'
RANLIB='ranlib'
SED='/bin/sed'
SET_MAKE=''
SHELL='/bin/sh'
STRIP='strip'
VERSION='1.0'
WINDOWS_HOST_FALSE=''
WINDOWS_HOST_TRUE='#'
WX_CFLAGS='-I/usr/lib64/wx/include/gtk2-unicode-3.0 -I/usr/include/wx-3.0 -D_FILE_OFFSET_BITS=64 -DWXUSINGDLL -D__WXGTK__ -pthread'
WX_CFLAGS_ONLY='-pthread'
WX_CONFIG_PATH='/usr/bin/wx-config'
WX_CPPFLAGS='-I/usr/lib64/wx/include/gtk2-unicode-3.0 -I/usr/include/wx-3.0 -D_FILE_OFFSET_BITS=64 -DWXUSINGDLL -D__WXGTK__'
WX_CXXFLAGS='-I/usr/lib64/wx/include/gtk2-unicode-3.0 -I/usr/include/wx-3.0 -D_FILE_OFFSET_BITS=64 -DWXUSINGDLL -D__WXGTK__ -pthread'
WX_CXXFLAGS_ONLY=''
WX_LIBS='-L/usr/lib64 -pthread   -lwx_gtk2u_core-3.0 -lwx_baseu-3.0 -lwx_gtk2u_stc-3.0 -lwx_gtk2u_webview-3.0 '
WX_LIBS_STATIC=''
WX_RESCOMP=''
WX_VERSION='3.0.2'
WX_VERSION_MAJOR='3'
WX_VERSION_MICRO='2'
WX_VERSION_MINOR='0'
ac_ct_AR='ar'
ac_ct_CC='gcc'
ac_ct_CXX='g++'
ac_ct_DUMPBIN=''
am__EXEEXT_FALSE=''
am__EXEEXT_TRUE='#'
am__fastdepCC_FALSE='#'
am__fastdepCC_TRUE=''
am__fastdepCXX_FALSE='#'
am__fastdepCXX_TRUE=''
am__include='include'
am__isrc=''
am__leading_dot='.'
am__nodep='_no'
am__quote=''
am__tar='$${TAR-tar} chof - "$$tardir"'
am__untar='$${TAR-tar} xf -'
bindir='${exec_prefix}/bin'
build='x86_64-pc-linux-gnu'
build_alias=''
build_cpu='x86_64'
build_os='linux-gnu'
build_vendor='pc'
datadir='${datarootdir}'
datarootdir='${prefix}/share'
docdir='${datarootdir}/doc/${PACKAGE_TARNAME}'
dvidir='${docdir}'
exec_prefix='${prefix}'
host='x86_64-pc-linux-gnu'
host_alias=''
host_cpu='x86_64'
host_os='linux-gnu'
host_vendor='pc'
htmldir='${docdir}'
includedir='${prefix}/include'
infodir='${datarootdir}/info'
install_sh='${SHELL} /media/Data/Git/browsertest/install-sh'
libdir='${exec_prefix}/lib'
libexecdir='${exec_prefix}/libexec'
localedir='${datarootdir}/locale'
localstatedir='${prefix}/var'
mandir='${datarootdir}/man'
mkdir_p='$(MKDIR_P)'
oldincludedir='/usr/include'
pdfdir='${docdir}'
prefix='/usr/local'
program_transform_name='s,x,x,'
psdir='${docdir}'
sbindir='${exec_prefix}/sbin'
sharedstatedir='${prefix}/com'
sysconfdir='${prefix}/etc'
target_alias=''

## ----------- ##
## confdefs.h. ##
## ----------- ##

/* confdefs.h */
#define PACKAGE_NAME "Uncomplicated Port Forward"
#define PACKAGE_TARNAME "uncomplicated-port-forward"
#define PACKAGE_VERSION "1.0"
#define PACKAGE_STRING "Uncomplicated Port Forward 1.0"
#define PACKAGE_BUGREPORT "nobodys@here.null"
#define PACKAGE_URL ""
#define PACKAGE "uncomplicated-port-forward"
#define VERSION "1.0"
#define STDC_HEADERS 1
#define HAVE_SYS_TYPES_H 1
#define HAVE_SYS_STAT_H 1
#define HAVE_STDLIB_H 1
#define HAVE_STRING_H 1
#define HAVE_MEMORY_H 1
#define HAVE_STRINGS_H 1
#define HAVE_INTTYPES_H 1
#define HAVE_STDINT_H 1
#define HAVE_UNISTD_H 1
#define HAVE_DLFCN_H 1
#define LT_OBJDIR ".libs/"
#define HAVE_ARPA_INET_H 1
#define HAVE_NETINET_IN_H 1
#define HAVE__BOOL 1
#define HAVE_STDBOOL_H 1

configure: exit 0
